<?xml version="1.0" encoding="UTF-8"?>
<testsuite xmlns:xsi="http://www.w3.org/2001/XMLSchema-instance" xsi:noNamespaceSchemaLocation="https://maven.apache.org/surefire/maven-surefire-plugin/xsd/surefire-test-report.xsd" name="com.atguigu.gmall.admin.GmallAdminWebApplicationTests" time="0.117" tests="1" errors="0" skipped="0" failures="0">
  <properties>
    <property name="sun.desktop" value="windows"/>
    <property name="awt.toolkit" value="sun.awt.windows.WToolkit"/>
    <property name="file.encoding.pkg" value="sun.io"/>
    <property name="java.specification.version" value="1.8"/>
    <property name="sun.cpu.isalist" value="amd64"/>
    <property name="sun.jnu.encoding" value="GBK"/>
    <property name="java.class.path" value="C:\Users\ALTERUI\workspace\gmall-parent-1\gmall-admin-web\target\test-classes;C:\Users\ALTERUI\workspace\gmall-parent-1\gmall-admin-web\target\classes;C:\Users\ALTERUI\workspace\gmall-parent-1\gmall-api\target\gmall-api-1.0-SNAPSHOT.jar;C:\Users\ALTERUI\workspace\gmall-parent-1\gmall-common\target\gmall-common-1.0-SNAPSHOT.jar;D:\soft\learnSoftInUse\apache-maven-repository\org\projectlombok\lombok\1.18.6\lombok-1.18.6.jar;D:\soft\learnSoftInUse\apache-maven-repository\io\springfox\springfox-swagger2\2.8.0\springfox-swagger2-2.8.0.jar;D:\soft\learnSoftInUse\apache-maven-repository\io\swagger\swagger-annotations\1.5.14\swagger-annotations-1.5.14.jar;D:\soft\learnSoftInUse\apache-maven-repository\io\swagger\swagger-models\1.5.14\swagger-models-1.5.14.jar;D:\soft\learnSoftInUse\apache-maven-repository\io\springfox\springfox-schema\2.8.0\springfox-schema-2.8.0.jar;D:\soft\learnSoftInUse\apache-maven-repository\io\springfox\springfox-swagger-common\2.8.0\springfox-swagger-common-2.8.0.jar;D:\soft\learnSoftInUse\apache-maven-repository\org\mapstruct\mapstruct\1.2.0.Final\mapstruct-1.2.0.Final.jar;D:\soft\learnSoftInUse\apache-maven-repository\mysql\mysql-connector-java\8.0.15\mysql-connector-java-8.0.15.jar;D:\soft\learnSoftInUse\apache-maven-repository\io\jsonwebtoken\jjwt\0.9.0\jjwt-0.9.0.jar;D:\soft\learnSoftInUse\apache-maven-repository\com\alibaba\fastjson\1.2.56\fastjson-1.2.56.jar;D:\soft\learnSoftInUse\apache-maven-repository\org\hibernate\hibernate-validator\5.4.0.Final\hibernate-validator-5.4.0.Final.jar;D:\soft\learnSoftInUse\apache-maven-repository\net\logstash\logback\logstash-logback-encoder\5.3\logstash-logback-encoder-5.3.jar;D:\soft\learnSoftInUse\apache-maven-repository\com\alibaba\boot\dubbo-spring-boot-starter\0.2.0\dubbo-spring-boot-starter-0.2.0.jar;D:\soft\learnSoftInUse\apache-maven-repository\com\alibaba\dubbo\2.6.2\dubbo-2.6.2.jar;D:\soft\learnSoftInUse\apache-maven-repository\org\javassist\javassist\3.20.0-GA\javassist-3.20.0-GA.jar;D:\soft\learnSoftInUse\apache-maven-repository\org\jboss\netty\netty\3.2.5.Final\netty-3.2.5.Final.jar;D:\soft\learnSoftInUse\apache-maven-repository\org\apache\zookeeper\zookeeper\3.4.9\zookeeper-3.4.9.jar;D:\soft\learnSoftInUse\apache-maven-repository\jline\jline\0.9.94\jline-0.9.94.jar;D:\soft\learnSoftInUse\apache-maven-repository\io\netty\netty\3.10.5.Final\netty-3.10.5.Final.jar;D:\soft\learnSoftInUse\apache-maven-repository\org\apache\curator\curator-framework\2.12.0\curator-framework-2.12.0.jar;D:\soft\learnSoftInUse\apache-maven-repository\org\apache\curator\curator-client\2.12.0\curator-client-2.12.0.jar;D:\soft\learnSoftInUse\apache-maven-repository\com\alibaba\boot\dubbo-spring-boot-autoconfigure\0.2.0\dubbo-spring-boot-autoconfigure-0.2.0.jar;D:\soft\learnSoftInUse\apache-maven-repository\com\baomidou\mybatis-plus-boot-starter\3.1.0\mybatis-plus-boot-starter-3.1.0.jar;D:\soft\learnSoftInUse\apache-maven-repository\com\baomidou\mybatis-plus\3.1.0\mybatis-plus-3.1.0.jar;D:\soft\learnSoftInUse\apache-maven-repository\com\baomidou\mybatis-plus-extension\3.1.0\mybatis-plus-extension-3.1.0.jar;D:\soft\learnSoftInUse\apache-maven-repository\com\baomidou\mybatis-plus-core\3.1.0\mybatis-plus-core-3.1.0.jar;D:\soft\learnSoftInUse\apache-maven-repository\com\baomidou\mybatis-plus-annotation\3.1.0\mybatis-plus-annotation-3.1.0.jar;D:\soft\learnSoftInUse\apache-maven-repository\org\mybatis\mybatis\3.5.0\mybatis-3.5.0.jar;D:\soft\learnSoftInUse\apache-maven-repository\com\github\jsqlparser\jsqlparser\1.4\jsqlparser-1.4.jar;D:\soft\learnSoftInUse\apache-maven-repository\org\mybatis\mybatis-spring\2.0.0\mybatis-spring-2.0.0.jar;D:\soft\learnSoftInUse\apache-maven-repository\org\springframework\boot\spring-boot-starter-jdbc\2.1.4.RELEASE\spring-boot-starter-jdbc-2.1.4.RELEASE.jar;D:\soft\learnSoftInUse\apache-maven-repository\com\zaxxer\HikariCP\3.2.0\HikariCP-3.2.0.jar;D:\soft\learnSoftInUse\apache-maven-repository\org\springframework\spring-jdbc\5.1.6.RELEASE\spring-jdbc-5.1.6.RELEASE.jar;D:\soft\learnSoftInUse\apache-maven-repository\org\springframework\spring-tx\5.1.6.RELEASE\spring-tx-5.1.6.RELEASE.jar;D:\soft\learnSoftInUse\apache-maven-repository\io\shardingjdbc\sharding-jdbc-core\2.0.3\sharding-jdbc-core-2.0.3.jar;D:\soft\learnSoftInUse\apache-maven-repository\com\google\guava\guava\18.0\guava-18.0.jar;D:\soft\learnSoftInUse\apache-maven-repository\org\apache\commons\commons-lang3\3.8.1\commons-lang3-3.8.1.jar;D:\soft\learnSoftInUse\apache-maven-repository\org\codehaus\groovy\groovy\2.4.5\groovy-2.4.5-indy.jar;D:\soft\learnSoftInUse\apache-maven-repository\org\slf4j\slf4j-api\1.7.26\slf4j-api-1.7.26.jar;D:\soft\learnSoftInUse\apache-maven-repository\com\aliyun\oss\aliyun-sdk-oss\2.5.0\aliyun-sdk-oss-2.5.0.jar;D:\soft\learnSoftInUse\apache-maven-repository\org\apache\httpcomponents\httpclient\4.5.8\httpclient-4.5.8.jar;D:\soft\learnSoftInUse\apache-maven-repository\org\apache\httpcomponents\httpcore\4.4.11\httpcore-4.4.11.jar;D:\soft\learnSoftInUse\apache-maven-repository\commons-codec\commons-codec\1.11\commons-codec-1.11.jar;D:\soft\learnSoftInUse\apache-maven-repository\org\jdom\jdom\1.1\jdom-1.1.jar;D:\soft\learnSoftInUse\apache-maven-repository\net\sf\json-lib\json-lib\2.4\json-lib-2.4-jdk15.jar;D:\soft\learnSoftInUse\apache-maven-repository\commons-beanutils\commons-beanutils\1.8.0\commons-beanutils-1.8.0.jar;D:\soft\learnSoftInUse\apache-maven-repository\commons-collections\commons-collections\3.2.1\commons-collections-3.2.1.jar;D:\soft\learnSoftInUse\apache-maven-repository\commons-lang\commons-lang\2.5\commons-lang-2.5.jar;D:\soft\learnSoftInUse\apache-maven-repository\commons-logging\commons-logging\1.1.1\commons-logging-1.1.1.jar;D:\soft\learnSoftInUse\apache-maven-repository\net\sf\ezmorph\ezmorph\1.0.6\ezmorph-1.0.6.jar;D:\soft\learnSoftInUse\apache-maven-repository\io\springfox\springfox-swagger-ui\2.8.0\springfox-swagger-ui-2.8.0.jar;D:\soft\learnSoftInUse\apache-maven-repository\io\springfox\springfox-spring-web\2.8.0\springfox-spring-web-2.8.0.jar;D:\soft\learnSoftInUse\apache-maven-repository\org\reflections\reflections\0.9.11\reflections-0.9.11.jar;D:\soft\learnSoftInUse\apache-maven-repository\com\fasterxml\classmate\1.4.0\classmate-1.4.0.jar;D:\soft\learnSoftInUse\apache-maven-repository\org\springframework\plugin\spring-plugin-core\1.2.0.RELEASE\spring-plugin-core-1.2.0.RELEASE.jar;D:\soft\learnSoftInUse\apache-maven-repository\org\springframework\plugin\spring-plugin-metadata\1.2.0.RELEASE\spring-plugin-metadata-1.2.0.RELEASE.jar;D:\soft\learnSoftInUse\apache-maven-repository\io\springfox\springfox-spi\2.8.0\springfox-spi-2.8.0.jar;D:\soft\learnSoftInUse\apache-maven-repository\io\springfox\springfox-core\2.8.0\springfox-core-2.8.0.jar;D:\soft\learnSoftInUse\apache-maven-repository\org\springframework\boot\spring-boot-starter\2.1.4.RELEASE\spring-boot-starter-2.1.4.RELEASE.jar;D:\soft\learnSoftInUse\apache-maven-repository\org\springframework\boot\spring-boot\2.1.4.RELEASE\spring-boot-2.1.4.RELEASE.jar;D:\soft\learnSoftInUse\apache-maven-repository\org\springframework\spring-context\5.1.6.RELEASE\spring-context-5.1.6.RELEASE.jar;D:\soft\learnSoftInUse\apache-maven-repository\org\springframework\boot\spring-boot-autoconfigure\2.1.4.RELEASE\spring-boot-autoconfigure-2.1.4.RELEASE.jar;D:\soft\learnSoftInUse\apache-maven-repository\org\springframework\boot\spring-boot-starter-logging\2.1.4.RELEASE\spring-boot-starter-logging-2.1.4.RELEASE.jar;D:\soft\learnSoftInUse\apache-maven-repository\ch\qos\logback\logback-classic\1.2.3\logback-classic-1.2.3.jar;D:\soft\learnSoftInUse\apache-maven-repository\ch\qos\logback\logback-core\1.2.3\logback-core-1.2.3.jar;D:\soft\learnSoftInUse\apache-maven-repository\org\apache\logging\log4j\log4j-to-slf4j\2.11.2\log4j-to-slf4j-2.11.2.jar;D:\soft\learnSoftInUse\apache-maven-repository\org\apache\logging\log4j\log4j-api\2.11.2\log4j-api-2.11.2.jar;D:\soft\learnSoftInUse\apache-maven-repository\org\slf4j\jul-to-slf4j\1.7.26\jul-to-slf4j-1.7.26.jar;D:\soft\learnSoftInUse\apache-maven-repository\javax\annotation\javax.annotation-api\1.3.2\javax.annotation-api-1.3.2.jar;D:\soft\learnSoftInUse\apache-maven-repository\org\springframework\spring-core\5.1.6.RELEASE\spring-core-5.1.6.RELEASE.jar;D:\soft\learnSoftInUse\apache-maven-repository\org\springframework\spring-jcl\5.1.6.RELEASE\spring-jcl-5.1.6.RELEASE.jar;D:\soft\learnSoftInUse\apache-maven-repository\org\yaml\snakeyaml\1.23\snakeyaml-1.23.jar;D:\soft\learnSoftInUse\apache-maven-repository\org\springframework\boot\spring-boot-starter-web\2.1.4.RELEASE\spring-boot-starter-web-2.1.4.RELEASE.jar;D:\soft\learnSoftInUse\apache-maven-repository\org\springframework\boot\spring-boot-starter-json\2.1.4.RELEASE\spring-boot-starter-json-2.1.4.RELEASE.jar;D:\soft\learnSoftInUse\apache-maven-repository\com\fasterxml\jackson\core\jackson-databind\2.9.8\jackson-databind-2.9.8.jar;D:\soft\learnSoftInUse\apache-maven-repository\com\fasterxml\jackson\core\jackson-annotations\2.9.0\jackson-annotations-2.9.0.jar;D:\soft\learnSoftInUse\apache-maven-repository\com\fasterxml\jackson\core\jackson-core\2.9.8\jackson-core-2.9.8.jar;D:\soft\learnSoftInUse\apache-maven-repository\com\fasterxml\jackson\datatype\jackson-datatype-jdk8\2.9.8\jackson-datatype-jdk8-2.9.8.jar;D:\soft\learnSoftInUse\apache-maven-repository\com\fasterxml\jackson\datatype\jackson-datatype-jsr310\2.9.8\jackson-datatype-jsr310-2.9.8.jar;D:\soft\learnSoftInUse\apache-maven-repository\com\fasterxml\jackson\module\jackson-module-parameter-names\2.9.8\jackson-module-parameter-names-2.9.8.jar;D:\soft\learnSoftInUse\apache-maven-repository\org\springframework\boot\spring-boot-starter-tomcat\2.1.4.RELEASE\spring-boot-starter-tomcat-2.1.4.RELEASE.jar;D:\soft\learnSoftInUse\apache-maven-repository\org\apache\tomcat\embed\tomcat-embed-core\9.0.17\tomcat-embed-core-9.0.17.jar;D:\soft\learnSoftInUse\apache-maven-repository\org\apache\tomcat\embed\tomcat-embed-el\9.0.17\tomcat-embed-el-9.0.17.jar;D:\soft\learnSoftInUse\apache-maven-repository\org\apache\tomcat\embed\tomcat-embed-websocket\9.0.17\tomcat-embed-websocket-9.0.17.jar;D:\soft\learnSoftInUse\apache-maven-repository\org\hibernate\validator\hibernate-validator\6.0.16.Final\hibernate-validator-6.0.16.Final.jar;D:\soft\learnSoftInUse\apache-maven-repository\javax\validation\validation-api\2.0.1.Final\validation-api-2.0.1.Final.jar;D:\soft\learnSoftInUse\apache-maven-repository\org\jboss\logging\jboss-logging\3.3.2.Final\jboss-logging-3.3.2.Final.jar;D:\soft\learnSoftInUse\apache-maven-repository\org\springframework\spring-web\5.1.6.RELEASE\spring-web-5.1.6.RELEASE.jar;D:\soft\learnSoftInUse\apache-maven-repository\org\springframework\spring-beans\5.1.6.RELEASE\spring-beans-5.1.6.RELEASE.jar;D:\soft\learnSoftInUse\apache-maven-repository\org\springframework\spring-webmvc\5.1.6.RELEASE\spring-webmvc-5.1.6.RELEASE.jar;D:\soft\learnSoftInUse\apache-maven-repository\org\springframework\spring-expression\5.1.6.RELEASE\spring-expression-5.1.6.RELEASE.jar;D:\soft\learnSoftInUse\apache-maven-repository\org\springframework\boot\spring-boot-starter-aop\2.1.4.RELEASE\spring-boot-starter-aop-2.1.4.RELEASE.jar;D:\soft\learnSoftInUse\apache-maven-repository\org\springframework\spring-aop\5.1.6.RELEASE\spring-aop-5.1.6.RELEASE.jar;D:\soft\learnSoftInUse\apache-maven-repository\org\aspectj\aspectjweaver\1.9.2\aspectjweaver-1.9.2.jar;D:\soft\learnSoftInUse\apache-maven-repository\org\springframework\boot\spring-boot-starter-test\2.1.4.RELEASE\spring-boot-starter-test-2.1.4.RELEASE.jar;D:\soft\learnSoftInUse\apache-maven-repository\org\springframework\boot\spring-boot-test\2.1.4.RELEASE\spring-boot-test-2.1.4.RELEASE.jar;D:\soft\learnSoftInUse\apache-maven-repository\org\springframework\boot\spring-boot-test-autoconfigure\2.1.4.RELEASE\spring-boot-test-autoconfigure-2.1.4.RELEASE.jar;D:\soft\learnSoftInUse\apache-maven-repository\com\jayway\jsonpath\json-path\2.4.0\json-path-2.4.0.jar;D:\soft\learnSoftInUse\apache-maven-repository\net\minidev\json-smart\2.3\json-smart-2.3.jar;D:\soft\learnSoftInUse\apache-maven-repository\net\minidev\accessors-smart\1.2\accessors-smart-1.2.jar;D:\soft\learnSoftInUse\apache-maven-repository\org\ow2\asm\asm\5.0.4\asm-5.0.4.jar;D:\soft\learnSoftInUse\apache-maven-repository\junit\junit\4.12\junit-4.12.jar;D:\soft\learnSoftInUse\apache-maven-repository\org\assertj\assertj-core\3.11.1\assertj-core-3.11.1.jar;D:\soft\learnSoftInUse\apache-maven-repository\org\mockito\mockito-core\2.23.4\mockito-core-2.23.4.jar;D:\soft\learnSoftInUse\apache-maven-repository\net\bytebuddy\byte-buddy\1.9.12\byte-buddy-1.9.12.jar;D:\soft\learnSoftInUse\apache-maven-repository\net\bytebuddy\byte-buddy-agent\1.9.12\byte-buddy-agent-1.9.12.jar;D:\soft\learnSoftInUse\apache-maven-repository\org\objenesis\objenesis\2.6\objenesis-2.6.jar;D:\soft\learnSoftInUse\apache-maven-repository\org\hamcrest\hamcrest-core\1.3\hamcrest-core-1.3.jar;D:\soft\learnSoftInUse\apache-maven-repository\org\hamcrest\hamcrest-library\1.3\hamcrest-library-1.3.jar;D:\soft\learnSoftInUse\apache-maven-repository\org\skyscreamer\jsonassert\1.5.0\jsonassert-1.5.0.jar;D:\soft\learnSoftInUse\apache-maven-repository\com\vaadin\external\google\android-json\0.0.20131108.vaadin1\android-json-0.0.20131108.vaadin1.jar;D:\soft\learnSoftInUse\apache-maven-repository\org\springframework\spring-test\5.1.6.RELEASE\spring-test-5.1.6.RELEASE.jar;D:\soft\learnSoftInUse\apache-maven-repository\org\xmlunit\xmlunit-core\2.6.2\xmlunit-core-2.6.2.jar;"/>
    <property name="java.vm.vendor" value="Oracle Corporation"/>
    <property name="sun.arch.data.model" value="64"/>
    <property name="user.variant" value=""/>
    <property name="java.vendor.url" value="http://java.oracle.com/"/>
    <property name="user.timezone" value="Asia/Shanghai"/>
    <property name="java.vm.specification.version" value="1.8"/>
    <property name="os.name" value="Windows 10"/>
    <property name="user.country" value="CN"/>
    <property name="sun.java.launcher" value="SUN_STANDARD"/>
    <property name="sun.boot.library.path" value="C:\Program Files\Java\jdk1.8.0_191\jre\bin"/>
    <property name="sun.java.command" value="C:\Users\ALTERUI\AppData\Local\Temp\surefire7008011244626614936\surefirebooter8663717871311173314.jar C:\Users\ALTERUI\AppData\Local\Temp\surefire7008011244626614936 2020-05-24T16-08-41_183-jvmRun1 surefire39096384926846349tmp surefire_02351906737158217495tmp"/>
    <property name="surefire.test.class.path" value="C:\Users\ALTERUI\workspace\gmall-parent-1\gmall-admin-web\target\test-classes;C:\Users\ALTERUI\workspace\gmall-parent-1\gmall-admin-web\target\classes;C:\Users\ALTERUI\workspace\gmall-parent-1\gmall-api\target\gmall-api-1.0-SNAPSHOT.jar;C:\Users\ALTERUI\workspace\gmall-parent-1\gmall-common\target\gmall-common-1.0-SNAPSHOT.jar;D:\soft\learnSoftInUse\apache-maven-repository\org\projectlombok\lombok\1.18.6\lombok-1.18.6.jar;D:\soft\learnSoftInUse\apache-maven-repository\io\springfox\springfox-swagger2\2.8.0\springfox-swagger2-2.8.0.jar;D:\soft\learnSoftInUse\apache-maven-repository\io\swagger\swagger-annotations\1.5.14\swagger-annotations-1.5.14.jar;D:\soft\learnSoftInUse\apache-maven-repository\io\swagger\swagger-models\1.5.14\swagger-models-1.5.14.jar;D:\soft\learnSoftInUse\apache-maven-repository\io\springfox\springfox-schema\2.8.0\springfox-schema-2.8.0.jar;D:\soft\learnSoftInUse\apache-maven-repository\io\springfox\springfox-swagger-common\2.8.0\springfox-swagger-common-2.8.0.jar;D:\soft\learnSoftInUse\apache-maven-repository\org\mapstruct\mapstruct\1.2.0.Final\mapstruct-1.2.0.Final.jar;D:\soft\learnSoftInUse\apache-maven-repository\mysql\mysql-connector-java\8.0.15\mysql-connector-java-8.0.15.jar;D:\soft\learnSoftInUse\apache-maven-repository\io\jsonwebtoken\jjwt\0.9.0\jjwt-0.9.0.jar;D:\soft\learnSoftInUse\apache-maven-repository\com\alibaba\fastjson\1.2.56\fastjson-1.2.56.jar;D:\soft\learnSoftInUse\apache-maven-repository\org\hibernate\hibernate-validator\5.4.0.Final\hibernate-validator-5.4.0.Final.jar;D:\soft\learnSoftInUse\apache-maven-repository\net\logstash\logback\logstash-logback-encoder\5.3\logstash-logback-encoder-5.3.jar;D:\soft\learnSoftInUse\apache-maven-repository\com\alibaba\boot\dubbo-spring-boot-starter\0.2.0\dubbo-spring-boot-starter-0.2.0.jar;D:\soft\learnSoftInUse\apache-maven-repository\com\alibaba\dubbo\2.6.2\dubbo-2.6.2.jar;D:\soft\learnSoftInUse\apache-maven-repository\org\javassist\javassist\3.20.0-GA\javassist-3.20.0-GA.jar;D:\soft\learnSoftInUse\apache-maven-repository\org\jboss\netty\netty\3.2.5.Final\netty-3.2.5.Final.jar;D:\soft\learnSoftInUse\apache-maven-repository\org\apache\zookeeper\zookeeper\3.4.9\zookeeper-3.4.9.jar;D:\soft\learnSoftInUse\apache-maven-repository\jline\jline\0.9.94\jline-0.9.94.jar;D:\soft\learnSoftInUse\apache-maven-repository\io\netty\netty\3.10.5.Final\netty-3.10.5.Final.jar;D:\soft\learnSoftInUse\apache-maven-repository\org\apache\curator\curator-framework\2.12.0\curator-framework-2.12.0.jar;D:\soft\learnSoftInUse\apache-maven-repository\org\apache\curator\curator-client\2.12.0\curator-client-2.12.0.jar;D:\soft\learnSoftInUse\apache-maven-repository\com\alibaba\boot\dubbo-spring-boot-autoconfigure\0.2.0\dubbo-spring-boot-autoconfigure-0.2.0.jar;D:\soft\learnSoftInUse\apache-maven-repository\com\baomidou\mybatis-plus-boot-starter\3.1.0\mybatis-plus-boot-starter-3.1.0.jar;D:\soft\learnSoftInUse\apache-maven-repository\com\baomidou\mybatis-plus\3.1.0\mybatis-plus-3.1.0.jar;D:\soft\learnSoftInUse\apache-maven-repository\com\baomidou\mybatis-plus-extension\3.1.0\mybatis-plus-extension-3.1.0.jar;D:\soft\learnSoftInUse\apache-maven-repository\com\baomidou\mybatis-plus-core\3.1.0\mybatis-plus-core-3.1.0.jar;D:\soft\learnSoftInUse\apache-maven-repository\com\baomidou\mybatis-plus-annotation\3.1.0\mybatis-plus-annotation-3.1.0.jar;D:\soft\learnSoftInUse\apache-maven-repository\org\mybatis\mybatis\3.5.0\mybatis-3.5.0.jar;D:\soft\learnSoftInUse\apache-maven-repository\com\github\jsqlparser\jsqlparser\1.4\jsqlparser-1.4.jar;D:\soft\learnSoftInUse\apache-maven-repository\org\mybatis\mybatis-spring\2.0.0\mybatis-spring-2.0.0.jar;D:\soft\learnSoftInUse\apache-maven-repository\org\springframework\boot\spring-boot-starter-jdbc\2.1.4.RELEASE\spring-boot-starter-jdbc-2.1.4.RELEASE.jar;D:\soft\learnSoftInUse\apache-maven-repository\com\zaxxer\HikariCP\3.2.0\HikariCP-3.2.0.jar;D:\soft\learnSoftInUse\apache-maven-repository\org\springframework\spring-jdbc\5.1.6.RELEASE\spring-jdbc-5.1.6.RELEASE.jar;D:\soft\learnSoftInUse\apache-maven-repository\org\springframework\spring-tx\5.1.6.RELEASE\spring-tx-5.1.6.RELEASE.jar;D:\soft\learnSoftInUse\apache-maven-repository\io\shardingjdbc\sharding-jdbc-core\2.0.3\sharding-jdbc-core-2.0.3.jar;D:\soft\learnSoftInUse\apache-maven-repository\com\google\guava\guava\18.0\guava-18.0.jar;D:\soft\learnSoftInUse\apache-maven-repository\org\apache\commons\commons-lang3\3.8.1\commons-lang3-3.8.1.jar;D:\soft\learnSoftInUse\apache-maven-repository\org\codehaus\groovy\groovy\2.4.5\groovy-2.4.5-indy.jar;D:\soft\learnSoftInUse\apache-maven-repository\org\slf4j\slf4j-api\1.7.26\slf4j-api-1.7.26.jar;D:\soft\learnSoftInUse\apache-maven-repository\com\aliyun\oss\aliyun-sdk-oss\2.5.0\aliyun-sdk-oss-2.5.0.jar;D:\soft\learnSoftInUse\apache-maven-repository\org\apache\httpcomponents\httpclient\4.5.8\httpclient-4.5.8.jar;D:\soft\learnSoftInUse\apache-maven-repository\org\apache\httpcomponents\httpcore\4.4.11\httpcore-4.4.11.jar;D:\soft\learnSoftInUse\apache-maven-repository\commons-codec\commons-codec\1.11\commons-codec-1.11.jar;D:\soft\learnSoftInUse\apache-maven-repository\org\jdom\jdom\1.1\jdom-1.1.jar;D:\soft\learnSoftInUse\apache-maven-repository\net\sf\json-lib\json-lib\2.4\json-lib-2.4-jdk15.jar;D:\soft\learnSoftInUse\apache-maven-repository\commons-beanutils\commons-beanutils\1.8.0\commons-beanutils-1.8.0.jar;D:\soft\learnSoftInUse\apache-maven-repository\commons-collections\commons-collections\3.2.1\commons-collections-3.2.1.jar;D:\soft\learnSoftInUse\apache-maven-repository\commons-lang\commons-lang\2.5\commons-lang-2.5.jar;D:\soft\learnSoftInUse\apache-maven-repository\commons-logging\commons-logging\1.1.1\commons-logging-1.1.1.jar;D:\soft\learnSoftInUse\apache-maven-repository\net\sf\ezmorph\ezmorph\1.0.6\ezmorph-1.0.6.jar;D:\soft\learnSoftInUse\apache-maven-repository\io\springfox\springfox-swagger-ui\2.8.0\springfox-swagger-ui-2.8.0.jar;D:\soft\learnSoftInUse\apache-maven-repository\io\springfox\springfox-spring-web\2.8.0\springfox-spring-web-2.8.0.jar;D:\soft\learnSoftInUse\apache-maven-repository\org\reflections\reflections\0.9.11\reflections-0.9.11.jar;D:\soft\learnSoftInUse\apache-maven-repository\com\fasterxml\classmate\1.4.0\classmate-1.4.0.jar;D:\soft\learnSoftInUse\apache-maven-repository\org\springframework\plugin\spring-plugin-core\1.2.0.RELEASE\spring-plugin-core-1.2.0.RELEASE.jar;D:\soft\learnSoftInUse\apache-maven-repository\org\springframework\plugin\spring-plugin-metadata\1.2.0.RELEASE\spring-plugin-metadata-1.2.0.RELEASE.jar;D:\soft\learnSoftInUse\apache-maven-repository\io\springfox\springfox-spi\2.8.0\springfox-spi-2.8.0.jar;D:\soft\learnSoftInUse\apache-maven-repository\io\springfox\springfox-core\2.8.0\springfox-core-2.8.0.jar;D:\soft\learnSoftInUse\apache-maven-repository\org\springframework\boot\spring-boot-starter\2.1.4.RELEASE\spring-boot-starter-2.1.4.RELEASE.jar;D:\soft\learnSoftInUse\apache-maven-repository\org\springframework\boot\spring-boot\2.1.4.RELEASE\spring-boot-2.1.4.RELEASE.jar;D:\soft\learnSoftInUse\apache-maven-repository\org\springframework\spring-context\5.1.6.RELEASE\spring-context-5.1.6.RELEASE.jar;D:\soft\learnSoftInUse\apache-maven-repository\org\springframework\boot\spring-boot-autoconfigure\2.1.4.RELEASE\spring-boot-autoconfigure-2.1.4.RELEASE.jar;D:\soft\learnSoftInUse\apache-maven-repository\org\springframework\boot\spring-boot-starter-logging\2.1.4.RELEASE\spring-boot-starter-logging-2.1.4.RELEASE.jar;D:\soft\learnSoftInUse\apache-maven-repository\ch\qos\logback\logback-classic\1.2.3\logback-classic-1.2.3.jar;D:\soft\learnSoftInUse\apache-maven-repository\ch\qos\logback\logback-core\1.2.3\logback-core-1.2.3.jar;D:\soft\learnSoftInUse\apache-maven-repository\org\apache\logging\log4j\log4j-to-slf4j\2.11.2\log4j-to-slf4j-2.11.2.jar;D:\soft\learnSoftInUse\apache-maven-repository\org\apache\logging\log4j\log4j-api\2.11.2\log4j-api-2.11.2.jar;D:\soft\learnSoftInUse\apache-maven-repository\org\slf4j\jul-to-slf4j\1.7.26\jul-to-slf4j-1.7.26.jar;D:\soft\learnSoftInUse\apache-maven-repository\javax\annotation\javax.annotation-api\1.3.2\javax.annotation-api-1.3.2.jar;D:\soft\learnSoftInUse\apache-maven-repository\org\springframework\spring-core\5.1.6.RELEASE\spring-core-5.1.6.RELEASE.jar;D:\soft\learnSoftInUse\apache-maven-repository\org\springframework\spring-jcl\5.1.6.RELEASE\spring-jcl-5.1.6.RELEASE.jar;D:\soft\learnSoftInUse\apache-maven-repository\org\yaml\snakeyaml\1.23\snakeyaml-1.23.jar;D:\soft\learnSoftInUse\apache-maven-repository\org\springframework\boot\spring-boot-starter-web\2.1.4.RELEASE\spring-boot-starter-web-2.1.4.RELEASE.jar;D:\soft\learnSoftInUse\apache-maven-repository\org\springframework\boot\spring-boot-starter-json\2.1.4.RELEASE\spring-boot-starter-json-2.1.4.RELEASE.jar;D:\soft\learnSoftInUse\apache-maven-repository\com\fasterxml\jackson\core\jackson-databind\2.9.8\jackson-databind-2.9.8.jar;D:\soft\learnSoftInUse\apache-maven-repository\com\fasterxml\jackson\core\jackson-annotations\2.9.0\jackson-annotations-2.9.0.jar;D:\soft\learnSoftInUse\apache-maven-repository\com\fasterxml\jackson\core\jackson-core\2.9.8\jackson-core-2.9.8.jar;D:\soft\learnSoftInUse\apache-maven-repository\com\fasterxml\jackson\datatype\jackson-datatype-jdk8\2.9.8\jackson-datatype-jdk8-2.9.8.jar;D:\soft\learnSoftInUse\apache-maven-repository\com\fasterxml\jackson\datatype\jackson-datatype-jsr310\2.9.8\jackson-datatype-jsr310-2.9.8.jar;D:\soft\learnSoftInUse\apache-maven-repository\com\fasterxml\jackson\module\jackson-module-parameter-names\2.9.8\jackson-module-parameter-names-2.9.8.jar;D:\soft\learnSoftInUse\apache-maven-repository\org\springframework\boot\spring-boot-starter-tomcat\2.1.4.RELEASE\spring-boot-starter-tomcat-2.1.4.RELEASE.jar;D:\soft\learnSoftInUse\apache-maven-repository\org\apache\tomcat\embed\tomcat-embed-core\9.0.17\tomcat-embed-core-9.0.17.jar;D:\soft\learnSoftInUse\apache-maven-repository\org\apache\tomcat\embed\tomcat-embed-el\9.0.17\tomcat-embed-el-9.0.17.jar;D:\soft\learnSoftInUse\apache-maven-repository\org\apache\tomcat\embed\tomcat-embed-websocket\9.0.17\tomcat-embed-websocket-9.0.17.jar;D:\soft\learnSoftInUse\apache-maven-repository\org\hibernate\validator\hibernate-validator\6.0.16.Final\hibernate-validator-6.0.16.Final.jar;D:\soft\learnSoftInUse\apache-maven-repository\javax\validation\validation-api\2.0.1.Final\validation-api-2.0.1.Final.jar;D:\soft\learnSoftInUse\apache-maven-repository\org\jboss\logging\jboss-logging\3.3.2.Final\jboss-logging-3.3.2.Final.jar;D:\soft\learnSoftInUse\apache-maven-repository\org\springframework\spring-web\5.1.6.RELEASE\spring-web-5.1.6.RELEASE.jar;D:\soft\learnSoftInUse\apache-maven-repository\org\springframework\spring-beans\5.1.6.RELEASE\spring-beans-5.1.6.RELEASE.jar;D:\soft\learnSoftInUse\apache-maven-repository\org\springframework\spring-webmvc\5.1.6.RELEASE\spring-webmvc-5.1.6.RELEASE.jar;D:\soft\learnSoftInUse\apache-maven-repository\org\springframework\spring-expression\5.1.6.RELEASE\spring-expression-5.1.6.RELEASE.jar;D:\soft\learnSoftInUse\apache-maven-repository\org\springframework\boot\spring-boot-starter-aop\2.1.4.RELEASE\spring-boot-starter-aop-2.1.4.RELEASE.jar;D:\soft\learnSoftInUse\apache-maven-repository\org\springframework\spring-aop\5.1.6.RELEASE\spring-aop-5.1.6.RELEASE.jar;D:\soft\learnSoftInUse\apache-maven-repository\org\aspectj\aspectjweaver\1.9.2\aspectjweaver-1.9.2.jar;D:\soft\learnSoftInUse\apache-maven-repository\org\springframework\boot\spring-boot-starter-test\2.1.4.RELEASE\spring-boot-starter-test-2.1.4.RELEASE.jar;D:\soft\learnSoftInUse\apache-maven-repository\org\springframework\boot\spring-boot-test\2.1.4.RELEASE\spring-boot-test-2.1.4.RELEASE.jar;D:\soft\learnSoftInUse\apache-maven-repository\org\springframework\boot\spring-boot-test-autoconfigure\2.1.4.RELEASE\spring-boot-test-autoconfigure-2.1.4.RELEASE.jar;D:\soft\learnSoftInUse\apache-maven-repository\com\jayway\jsonpath\json-path\2.4.0\json-path-2.4.0.jar;D:\soft\learnSoftInUse\apache-maven-repository\net\minidev\json-smart\2.3\json-smart-2.3.jar;D:\soft\learnSoftInUse\apache-maven-repository\net\minidev\accessors-smart\1.2\accessors-smart-1.2.jar;D:\soft\learnSoftInUse\apache-maven-repository\org\ow2\asm\asm\5.0.4\asm-5.0.4.jar;D:\soft\learnSoftInUse\apache-maven-repository\junit\junit\4.12\junit-4.12.jar;D:\soft\learnSoftInUse\apache-maven-repository\org\assertj\assertj-core\3.11.1\assertj-core-3.11.1.jar;D:\soft\learnSoftInUse\apache-maven-repository\org\mockito\mockito-core\2.23.4\mockito-core-2.23.4.jar;D:\soft\learnSoftInUse\apache-maven-repository\net\bytebuddy\byte-buddy\1.9.12\byte-buddy-1.9.12.jar;D:\soft\learnSoftInUse\apache-maven-repository\net\bytebuddy\byte-buddy-agent\1.9.12\byte-buddy-agent-1.9.12.jar;D:\soft\learnSoftInUse\apache-maven-repository\org\objenesis\objenesis\2.6\objenesis-2.6.jar;D:\soft\learnSoftInUse\apache-maven-repository\org\hamcrest\hamcrest-core\1.3\hamcrest-core-1.3.jar;D:\soft\learnSoftInUse\apache-maven-repository\org\hamcrest\hamcrest-library\1.3\hamcrest-library-1.3.jar;D:\soft\learnSoftInUse\apache-maven-repository\org\skyscreamer\jsonassert\1.5.0\jsonassert-1.5.0.jar;D:\soft\learnSoftInUse\apache-maven-repository\com\vaadin\external\google\android-json\0.0.20131108.vaadin1\android-json-0.0.20131108.vaadin1.jar;D:\soft\learnSoftInUse\apache-maven-repository\org\springframework\spring-test\5.1.6.RELEASE\spring-test-5.1.6.RELEASE.jar;D:\soft\learnSoftInUse\apache-maven-repository\org\xmlunit\xmlunit-core\2.6.2\xmlunit-core-2.6.2.jar;"/>
    <property name="sun.cpu.endian" value="little"/>
    <property name="user.home" value="C:\Users\ALTERUI"/>
    <property name="user.language" value="zh"/>
    <property name="java.specification.vendor" value="Oracle Corporation"/>
    <property name="java.home" value="C:\Program Files\Java\jdk1.8.0_191\jre"/>
    <property name="basedir" value="C:\Users\ALTERUI\workspace\gmall-parent-1\gmall-admin-web"/>
    <property name="file.separator" value="\"/>
    <property name="line.separator" value="&#10;"/>
    <property name="java.vm.specification.vendor" value="Oracle Corporation"/>
    <property name="java.specification.name" value="Java Platform API Specification"/>
    <property name="java.awt.graphicsenv" value="sun.awt.Win32GraphicsEnvironment"/>
    <property name="idea.version2020.1.1" value="true"/>
    <property name="surefire.real.class.path" value="C:\Users\ALTERUI\AppData\Local\Temp\surefire7008011244626614936\surefirebooter8663717871311173314.jar"/>
    <property name="sun.boot.class.path" value="C:\Program Files\Java\jdk1.8.0_191\jre\lib\resources.jar;C:\Program Files\Java\jdk1.8.0_191\jre\lib\rt.jar;C:\Program Files\Java\jdk1.8.0_191\jre\lib\sunrsasign.jar;C:\Program Files\Java\jdk1.8.0_191\jre\lib\jsse.jar;C:\Program Files\Java\jdk1.8.0_191\jre\lib\jce.jar;C:\Program Files\Java\jdk1.8.0_191\jre\lib\charsets.jar;C:\Program Files\Java\jdk1.8.0_191\jre\lib\jfr.jar;C:\Program Files\Java\jdk1.8.0_191\jre\classes"/>
    <property name="user.script" value=""/>
    <property name="sun.management.compiler" value="HotSpot 64-Bit Tiered Compilers"/>
    <property name="java.runtime.version" value="1.8.0_191-b12"/>
    <property name="user.name" value="ALTERUI"/>
    <property name="path.separator" value=";"/>
    <property name="os.version" value="10.0"/>
    <property name="java.endorsed.dirs" value="C:\Program Files\Java\jdk1.8.0_191\jre\lib\endorsed"/>
    <property name="java.runtime.name" value="Java(TM) SE Runtime Environment"/>
    <property name="file.encoding" value="GBK"/>
    <property name="java.vm.name" value="Java HotSpot(TM) 64-Bit Server VM"/>
    <property name="localRepository" value="D:\soft\learnSoftInUse\apache-maven-repository"/>
    <property name="java.vendor.url.bug" value="http://bugreport.sun.com/bugreport/"/>
    <property name="java.io.tmpdir" value="C:\Users\ALTERUI\AppData\Local\Temp\"/>
    <property name="java.version" value="1.8.0_191"/>
    <property name="user.dir" value="C:\Users\ALTERUI\workspace\gmall-parent-1\gmall-admin-web"/>
    <property name="os.arch" value="amd64"/>
    <property name="java.vm.specification.name" value="Java Virtual Machine Specification"/>
    <property name="java.awt.printerjob" value="sun.awt.windows.WPrinterJob"/>
    <property name="sun.os.patch.level" value=""/>
    <property name="java.library.path" value="C:\Program Files\Java\jdk1.8.0_191\jre\bin;C:\Windows\Sun\Java\bin;C:\Windows\system32;C:\Windows;C:\Program Files (x86)\NetSarang\Xshell 6\;C:\Program Files (x86)\Common Files\Oracle\Java\javapath;C:\Windows\system32;C:\Windows;C:\Windows\System32\Wbem;C:\Windows\System32\WindowsPowerShell\v1.0\;C:\Windows\System32\OpenSSH\;C:\Program Files (x86)\NVIDIA Corporation\PhysX\Common;C:\Program Files\Java\jdk1.8.0_191\bin;;C:\Program Files\Git\cmd;D:\soft\learnSoftInUse\apache-maven-3.6.0\bin;C:\Program Files\Redis\;D:\soft\learnSoftInUse\gradle-4.5\bin;C:\Program Files\NVIDIA Corporation\NVIDIA NvDLISR;C:\Program Files\nodejs\;C:\Users\ALTERUI\Anaconda3;C:\Users\ALTERUI\Anaconda3\Library\mingw-w64\bin;C:\Users\ALTERUI\Anaconda3\Library\usr\bin;C:\Users\ALTERUI\Anaconda3\Library\bin;C:\Users\ALTERUI\Anaconda3\Scripts;C:\Users\ALTERUI\AppData\Local\Microsoft\WindowsApps;C:\Users\ALTERUI\AppData\Local\BypassRuntm;C:\Users\ALTERUI\AppData\Roaming\npm;C:\Users\ALTERUI\AppData\Roaming\npm\node_modules;;."/>
    <property name="java.vm.info" value="mixed mode"/>
    <property name="java.vendor" value="Oracle Corporation"/>
    <property name="java.vm.version" value="25.191-b12"/>
    <property name="java.ext.dirs" value="C:\Program Files\Java\jdk1.8.0_191\jre\lib\ext;C:\Windows\Sun\Java\lib\ext"/>
    <property name="sun.io.unicode.encoding" value="UnicodeLittle"/>
    <property name="java.class.version" value="52.0"/>
  </properties>
  <testcase name="contextLoads" classname="com.atguigu.gmall.admin.GmallAdminWebApplicationTests" time="0.017"/>
</testsuite>